<?xml version="1.0" encoding="utf-8"?><testsuites name="pytest tests"><testsuite name="pytest" errors="0" failures="0" skipped="0" tests="18" time="5.830" timestamp="2026-03-17T04:31:33.083746+00:00" hostname="agent-env-23a6da60-0725-4c3f-9475-76682cf5abef"><testcase classname="backend.tests.test_api.TestHealthAndRoot" name="test_api_root" time="0.231" /><testcase classname="backend.tests.test_api.TestStoresAPI" name="test_get_all_stores" time="0.112" /><testcase classname="backend.tests.test_api.TestStoresAPI" name="test_search_stores" time="0.117" /><testcase classname="backend.tests.test_api.TestStoresAPI" name="test_filter_stores_by_category" time="0.142" /><testcase classname="backend.tests.test_api.TestStoresAPI" name="test_get_store_categories" time="0.149" /><testcase classname="backend.tests.test_api.TestUsersAPI" name="test_create_user" time="0.112" /><testcase classname="backend.tests.test_api.TestUsersAPI" name="test_create_duplicate_user_returns_existing" time="0.263" /><testcase classname="backend.tests.test_api.TestUsersAPI" name="test_get_user_by_id" time="0.206" /><testcase classname="backend.tests.test_api.TestUsersAPI" name="test_get_user_by_email" time="0.229" /><testcase classname="backend.tests.test_api.TestUsersAPI" name="test_get_nonexistent_user_returns_404" time="0.119" /><testcase classname="backend.tests.test_api.TestUsersAPI" name="test_update_user_stores" time="0.351" /><testcase classname="backend.tests.test_api.TestUsersAPI" name="test_toggle_manufacturer_coupons" time="0.467" /><testcase classname="backend.tests.test_api.TestUsersAPI" name="test_update_notification_method" time="0.442" /><testcase classname="backend.tests.test_api.TestUsersAPI" name="test_invalid_notification_method_returns_400" time="0.210" /><testcase classname="backend.tests.test_api.TestCouponBundlesAPI" name="test_get_coupon_bundles" time="0.459" /><testcase classname="backend.tests.test_api.TestCouponBundlesAPI" name="test_get_coupon_bundles_no_stores" time="0.228" /><testcase classname="backend.tests.test_api.TestCouponBundlesAPI" name="test_get_qr_code_for_store_bundle" time="0.537" /><testcase classname="backend.tests.test_api.TestCouponBundlesAPI" name="test_get_qr_code_for_manufacturer_bundle" time="1.260" /></testsuite></testsuites>