<?xml version="1.0" encoding="utf-8"?><testsuites name="pytest tests"><testsuite name="pytest" errors="0" failures="0" skipped="0" tests="23" time="9.390" timestamp="2026-03-17T17:42:26.805865+00:00" hostname="agent-env-23a6da60-0725-4c3f-9475-76682cf5abef"><testcase classname="backend.tests.test_master_bundle.TestHealthAndRoot" name="test_api_root" time="0.219" /><testcase classname="backend.tests.test_master_bundle.TestStoresAPI" name="test_get_all_stores" time="0.223" /><testcase classname="backend.tests.test_master_bundle.TestStoresAPI" name="test_search_stores" time="0.144" /><testcase classname="backend.tests.test_master_bundle.TestStoresAPI" name="test_filter_stores_by_category" time="0.120" /><testcase classname="backend.tests.test_master_bundle.TestStoresAPI" name="test_get_store_categories" time="0.135" /><testcase classname="backend.tests.test_master_bundle.TestUsersAPI" name="test_create_user" time="0.154" /><testcase classname="backend.tests.test_master_bundle.TestUsersAPI" name="test_get_user_by_id" time="0.341" /><testcase classname="backend.tests.test_master_bundle.TestUsersAPI" name="test_get_nonexistent_user_returns_404" time="0.136" /><testcase classname="backend.tests.test_master_bundle.TestUsersAPI" name="test_update_user_stores" time="0.499" /><testcase classname="backend.tests.test_master_bundle.TestUsersAPI" name="test_toggle_manufacturer_coupons" time="0.392" /><testcase classname="backend.tests.test_master_bundle.TestUsersAPI" name="test_update_notification_method" time="0.592" /><testcase classname="backend.tests.test_master_bundle.TestUsersAPI" name="test_invalid_notification_method_returns_400" time="0.241" /><testcase classname="backend.tests.test_master_bundle.TestMasterBundleAPI" name="test_get_master_bundle_structure" time="0.521" /><testcase classname="backend.tests.test_master_bundle.TestMasterBundleAPI" name="test_master_bundle_contains_all_store_coupons" time="0.510" /><testcase classname="backend.tests.test_master_bundle.TestMasterBundleAPI" name="test_master_bundle_includes_manufacturer_coupons" time="0.554" /><testcase classname="backend.tests.test_master_bundle.TestMasterBundleAPI" name="test_master_bundle_coupon_structure" time="0.556" /><testcase classname="backend.tests.test_master_bundle.TestMasterBundleAPI" name="test_master_bundle_qr_url_format" time="0.596" /><testcase classname="backend.tests.test_master_bundle.TestMasterBundleAPI" name="test_bundle_view_page_returns_html" time="0.668" /><testcase classname="backend.tests.test_master_bundle.TestMasterBundleAPI" name="test_bundle_view_page_shows_coupons" time="0.608" /><testcase classname="backend.tests.test_master_bundle.TestMasterBundleAPI" name="test_bundle_view_page_not_found" time="0.350" /><testcase classname="backend.tests.test_master_bundle.TestMasterBundleAPI" name="test_refresh_bundle" time="0.662" /><testcase classname="backend.tests.test_master_bundle.TestMasterBundleAPI" name="test_no_bundle_without_stores" time="0.453" /><testcase classname="backend.tests.test_master_bundle.TestLegacyEndpoints" name="test_legacy_coupon_bundles_endpoint" time="0.576" /></testsuite></testsuites>